\BOOKMARK [1][-]{section.1}{Introduction}{}% 1
\BOOKMARK [1][-]{section.2}{An Embedding of Quantified Multimodal Logics in HOL }{}% 2
\BOOKMARK [1][-]{section.3}{Reasoning about Modal Logics }{}% 3
\BOOKMARK [2][-]{subsection.3.1}{Correspondence Results}{section.3}% 4
\BOOKMARK [3][-]{subsubsection.3.1.1}{Axiom M corresponds to Reflexivity}{subsection.3.1}% 5
\BOOKMARK [3][-]{subsubsection.3.1.2}{Axiom B corresponds to Symmetry}{subsection.3.1}% 6
\BOOKMARK [3][-]{subsubsection.3.1.3}{Axiom D corresponds to Seriality}{subsection.3.1}% 7
\BOOKMARK [3][-]{subsubsection.3.1.4}{Axiom 4 corresponds to Transitivity}{subsection.3.1}% 8
\BOOKMARK [3][-]{subsubsection.3.1.5}{Axiom 5 corresponds to Euclideanness}{subsection.3.1}% 9
\BOOKMARK [2][-]{subsection.3.2}{Alternative Axiomatisations of Modal Logics}{section.3}% 10
\BOOKMARK [3][-]{subsubsection.3.2.1}{M5 -3mu MB5 }{subsection.3.2}% 11
\BOOKMARK [3][-]{subsubsection.3.2.2}{M5 -3mu M4B5 }{subsection.3.2}% 12
\BOOKMARK [3][-]{subsubsection.3.2.3}{M5 -3mu M45}{subsection.3.2}% 13
\BOOKMARK [3][-]{subsubsection.3.2.4}{M5 -3mu M4B}{subsection.3.2}% 14
\BOOKMARK [3][-]{subsubsection.3.2.5}{M5 -3mu D4B}{subsection.3.2}% 15
\BOOKMARK [3][-]{subsubsection.3.2.6}{M5 -3mu D4B5}{subsection.3.2}% 16
\BOOKMARK [3][-]{subsubsection.3.2.7}{M5 -3mu DB5}{subsection.3.2}% 17
\BOOKMARK [3][-]{subsubsection.3.2.8}{KB5 -3mu K4B5}{subsection.3.2}% 18
\BOOKMARK [3][-]{subsubsection.3.2.9}{KB5 -3mu K4B}{subsection.3.2}% 19
\BOOKMARK [2][-]{subsection.3.3}{Proper Inclusion Relations between Different Modal Logics}{section.3}% 20
\BOOKMARK [3][-]{subsubsection.3.3.1}{K4 > K}{subsection.3.3}% 21
\BOOKMARK [3][-]{subsubsection.3.3.2}{K5 > K}{subsection.3.3}% 22
\BOOKMARK [3][-]{subsubsection.3.3.3}{KB > K}{subsection.3.3}% 23
\BOOKMARK [3][-]{subsubsection.3.3.4}{K45 > K4}{subsection.3.3}% 24
\BOOKMARK [3][-]{subsubsection.3.3.5}{K45 > K5}{subsection.3.3}% 25
\BOOKMARK [3][-]{subsubsection.3.3.6}{KB5 > KB}{subsection.3.3}% 26
\BOOKMARK [3][-]{subsubsection.3.3.7}{KB5 > K45}{subsection.3.3}% 27
\BOOKMARK [3][-]{subsubsection.3.3.8}{D > K}{subsection.3.3}% 28
\BOOKMARK [3][-]{subsubsection.3.3.9}{D4 > K4}{subsection.3.3}% 29
\BOOKMARK [3][-]{subsubsection.3.3.10}{D5 > K5}{subsection.3.3}% 30
\BOOKMARK [3][-]{subsubsection.3.3.11}{D45 > K45}{subsection.3.3}% 31
\BOOKMARK [3][-]{subsubsection.3.3.12}{DB > KB}{subsection.3.3}% 32
\BOOKMARK [3][-]{subsubsection.3.3.13}{S5 > KB5}{subsection.3.3}% 33
\BOOKMARK [3][-]{subsubsection.3.3.14}{D4 > D}{subsection.3.3}% 34
\BOOKMARK [3][-]{subsubsection.3.3.15}{D5 > D}{subsection.3.3}% 35
\BOOKMARK [3][-]{subsubsection.3.3.16}{DB > D}{subsection.3.3}% 36
\BOOKMARK [3][-]{subsubsection.3.3.17}{D45 > D4}{subsection.3.3}% 37
\BOOKMARK [3][-]{subsubsection.3.3.18}{D45 > D5}{subsection.3.3}% 38
\BOOKMARK [3][-]{subsubsection.3.3.19}{M > D}{subsection.3.3}% 39
\BOOKMARK [3][-]{subsubsection.3.3.20}{S4 > D4}{subsection.3.3}% 40
\BOOKMARK [3][-]{subsubsection.3.3.21}{S5 > D45}{subsection.3.3}% 41
\BOOKMARK [3][-]{subsubsection.3.3.22}{B > DB}{subsection.3.3}% 42
\BOOKMARK [3][-]{subsubsection.3.3.23}{B > M}{subsection.3.3}% 43
\BOOKMARK [3][-]{subsubsection.3.3.24}{S5 > S4}{subsection.3.3}% 44
\BOOKMARK [3][-]{subsubsection.3.3.25}{S5 > B}{subsection.3.3}% 45
\BOOKMARK [1][-]{section.4}{Discussion and Future Work. }{}% 46
\BOOKMARK [1][-]{section.5}{Conclusion }{}% 47
